<?xml version="1.0" encoding="UTF-8"?>
<!-- Generated by org.testng.reporters.JUnitReportReporter -->
<testsuite hostname="A554LHYD" failures="0" tests="1" name="SampleClass_Test" time="0.015" errors="0" timestamp="2025-03-04T15:04:21 IST" skipped="0">
  <testcase classname="SampleClass_Test" name="Sample" time="0.015"/>
  <system-out/>
</testsuite> <!-- SampleClass_Test -->
