<?xml version="1.0" encoding="UTF-8"?>
<!-- Generated by org.testng.reporters.JUnitReportReporter -->
<testsuite hostname="A554LHYD" failures="0" tests="1" name="Test.SeleniumTestNG_tests" time="26.561" errors="0" timestamp="2025-03-06T10:57:26 IST" skipped="0">
  <testcase classname="Test.SeleniumTestNG_tests" name="InvalidCredentialsTest" time="26.561"/>
  <system-out/>
</testsuite> <!-- Test.SeleniumTestNG_tests -->
